<html lang="en">
<head>
    <meta charset="UTF-8">
    <title>A Front Page</title>
    <style>
     th, td { border: 1px solid black; padding: 0.5em; }
    </style>
</head>
<body>
    <h1>Here is how many people have walked through the different doors</h1>
    <table>
	<tr><th>door1</th><th>door2</th></tr><tr><th>17218</th><th>76675</th></tr>
    </table>
</body>
</html>
0.018477
<html lang="en">
<head>
    <meta charset="UTF-8">
    <title>A Front Page</title>
    <style>
     th, td { border: 1px solid black; padding: 0.5em; }
    </style>
</head>
<body>
    <h1>Here is how many people have walked through the different doors</h1>
    <table>
	<tr><th>door1</th><th>door2</th></tr><tr><th>17218</th><th>76675</th></tr>
    </table>
</body>
</html>
0.017346
<html lang="en">
<head>
    <meta charset="UTF-8">
    <title>A Front Page</title>
    <style>
     th, td { border: 1px solid black; padding: 0.5em; }
    </style>
</head>
<body>
    <h1>Here is how many people have walked through the different doors</h1>
    <table>
	<tr><th>door1</th><th>door2</th></tr><tr><th>17218</th><th>76675</th></tr>
    </table>
</body>
</html>
0.016176
<html lang="en">
<head>
    <meta charset="UTF-8">
    <title>A Front Page</title>
    <style>
     th, td { border: 1px solid black; padding: 0.5em; }
    </style>
</head>
<body>
    <h1>Here is how many people have walked through the different doors</h1>
    <table>
	<tr><th>door1</th><th>door2</th></tr><tr><th>17218</th><th>76675</th></tr>
    </table>
</body>
</html>
0.015749
<html lang="en">
<head>
    <meta charset="UTF-8">
    <title>A Front Page</title>
    <style>
     th, td { border: 1px solid black; padding: 0.5em; }
    </style>
</head>
<body>
    <h1>Here is how many people have walked through the different doors</h1>
    <table>
	<tr><th>door1</th><th>door2</th></tr><tr><th>17218</th><th>76675</th></tr>
    </table>
</body>
</html>
0.015598
<html lang="en">
<head>
    <meta charset="UTF-8">
    <title>A Front Page</title>
    <style>
     th, td { border: 1px solid black; padding: 0.5em; }
    </style>
</head>
<body>
    <h1>Here is how many people have walked through the different doors</h1>
    <table>
	<tr><th>door1</th><th>door2</th></tr><tr><th>17218</th><th>76675</th></tr>
    </table>
</body>
</html>
0.015570
<html lang="en">
<head>
    <meta charset="UTF-8">
    <title>A Front Page</title>
    <style>
     th, td { border: 1px solid black; padding: 0.5em; }
    </style>
</head>
<body>
    <h1>Here is how many people have walked through the different doors</h1>
    <table>
	<tr><th>door1</th><th>door2</th></tr><tr><th>17218</th><th>76675</th></tr>
    </table>
</body>
</html>
0.015688
<html lang="en">
<head>
    <meta charset="UTF-8">
    <title>A Front Page</title>
    <style>
     th, td { border: 1px solid black; padding: 0.5em; }
    </style>
</head>
<body>
    <h1>Here is how many people have walked through the different doors</h1>
    <table>
	<tr><th>door1</th><th>door2</th></tr><tr><th>17218</th><th>76675</th></tr>
    </table>
</body>
</html>
0.015605
<html lang="en">
<head>
    <meta charset="UTF-8">
    <title>A Front Page</title>
    <style>
     th, td { border: 1px solid black; padding: 0.5em; }
    </style>
</head>
<body>
    <h1>Here is how many people have walked through the different doors</h1>
    <table>
	<tr><th>door1</th><th>door2</th></tr><tr><th>17218</th><th>76675</th></tr>
    </table>
</body>
</html>
0.015524
<html lang="en">
<head>
    <meta charset="UTF-8">
    <title>A Front Page</title>
    <style>
     th, td { border: 1px solid black; padding: 0.5em; }
    </style>
</head>
<body>
    <h1>Here is how many people have walked through the different doors</h1>
    <table>
	<tr><th>door1</th><th>door2</th></tr><tr><th>17218</th><th>76675</th></tr>
    </table>
</body>
</html>
0.015742
